2017-06-13 11:12:05,050:<module>:23:DEBUG:Logger:Downloaded snp dataset successfully 
2017-06-13 11:12:05,869:<module>:23:DEBUG:Logger:Downloaded nyse dataset successfully 
2017-06-13 11:12:06,499:<module>:23:DEBUG:Logger:Downloaded djia dataset successfully 
2017-06-13 11:12:07,330:<module>:23:DEBUG:Logger:Downloaded nikkei dataset successfully 
2017-06-13 11:12:08,173:<module>:23:DEBUG:Logger:Downloaded hangseng dataset successfully 
2017-06-13 11:12:08,958:<module>:23:DEBUG:Logger:Downloaded ftse dataset successfully 
2017-06-13 11:12:09,569:<module>:23:DEBUG:Logger:Downloaded dax dataset successfully 
2017-06-13 11:12:10,198:<module>:23:DEBUG:Logger:Downloaded aord dataset successfully 
2017-06-13 11:12:10,199:<module>:25:DEBUG:Logger:Merging datasets together
2017-06-13 11:12:10,200:<module>:31:DEBUG:Logger:Starting Exploratory Data Analysis
2017-06-13 11:12:34,441:<module>:37:DEBUG:Logger:Starting Linear Data Analysis
2017-06-13 11:12:34,445:logistic_regression:92:DEBUG:Logger:Running Logistic regression Model
2017-06-13 11:12:40,816:logistic_regression:118:DEBUG:Logger:Accuracy using Logistic Regression Model = 0.4965277777777778
2017-06-13 11:12:40,852:logistic_regression:143:DEBUG:Logger:Mean accuracy validated using Cross Validation: 0.562110129146
2017-06-13 11:12:40,852:linearRegression:14:DEBUG:Logger:Running Linear regression analysis
2017-06-13 11:12:40,870:linearRegression:46:DEBUG:Logger:Mean squared error: 0.000760644013219
2017-06-13 11:12:40,870:linearRegression:56:DEBUG:Logger:R squared value: 0.989934550169
2017-06-13 11:12:40,870:linearRegression:58:DEBUG:Logger:Root Mean Squared Error: 0.0275797754382
2017-06-13 11:12:44,951:linearRegression:74:DEBUG:Logger:Graph plotted - Stock index value v/s Data Points
2017-06-13 11:12:44,952:<module>:45:DEBUG:Logger:Performing Data Analysis using RandomForest
2017-06-13 11:12:44,960:randomForestClassifier:22:DEBUG:Logger:Running Random Forest Classifier Analysis
2017-06-13 11:12:51,316:randomForestClassifier:48:DEBUG:Logger:Accuracy using Random Forest Classifier Model =  0.6840277777777778
2017-06-13 11:12:54,422:randomForestClassifier:74:DEBUG:Logger:Mean accuracy validated using Cross Validation: 0.703458007838
2017-06-13 11:12:54,423:randomForestRegressor:80:DEBUG:Logger:Running Random Forest Regressor Analysis
2017-06-13 11:12:58,351:randomForestRegressor:110:DEBUG:Logger:Mean squared error: 0.001900024425
2017-06-13 11:12:58,414:randomForestRegressor:120:DEBUG:Logger:R squared value: 0.974857357457
2017-06-13 11:12:58,414:randomForestRegressor:122:DEBUG:Logger:Root Mean Squared Error: 0.0435892696085
2017-06-13 11:13:01,767:randomForestRegressor:138:DEBUG:Logger:Graph plotted - Stock Index value v/s Data points
2017-06-13 11:13:01,770:<module>:52:DEBUG:Logger:Performing Data Analysis using Neural Network
2017-06-13 11:13:01,777:mlpClassifier:21:DEBUG:Logger:Running Neural Network Classifier Analysis
2017-06-13 11:13:07,943:mlpClassifier:49:DEBUG:Logger:Accuracy using Neural Network Classifier Model = 0.7083333333333334
2017-06-13 11:13:11,053:mlpClassifier:75:DEBUG:Logger:Mean accuracy validated using Cross Validation: 0.703556511218
2017-06-13 11:13:11,053:mlpRegressor:81:DEBUG:Logger:Running Neural Network Regressor Analysis
2017-06-13 11:13:11,210:mlpRegressor:113:DEBUG:Logger:Mean squared error: 0.065880891727
2017-06-13 11:13:11,210:mlpRegressor:123:DEBUG:Logger:R squared value: 0.128211359135
2017-06-13 11:13:11,210:mlpRegressor:125:DEBUG:Logger:Root Mean Squared Error: 0.25667273273
2017-06-13 11:13:14,764:mlpRegressor:141:DEBUG:Logger:Graph plotted - Stock index value v/s Data points
