2017-06-08 12:12:42,932:linearRegression:388:DEBUG:__main__:Running Linear regression analysis
2017-06-08 12:12:42,943:linearRegression:417:DEBUG:__main__:Mean squared error: 0.000350671008671
2017-06-08 12:12:42,943:linearRegression:427:DEBUG:__main__:R squared value: 0.995835124248
2017-06-08 12:12:42,943:linearRegression:429:DEBUG:__main__:Root Mean Squared Error: 0.0187262118078
2017-06-08 12:12:46,243:linearRegression:445:DEBUG:__main__:Graph plotted - Stock index value v/s Data Points
2017-06-08 12:12:46,243:logistic_regression:462:DEBUG:__main__:Running Logistic regression Model
2017-06-08 12:12:50,010:logistic_regression:488:DEBUG:__main__:Accuracy using Logistic Regression Model = 0.5138888888888888
2017-06-08 12:12:50,044:logistic_regression:506:DEBUG:__main__:Mean accuracy validated using Cross Validation: 0.561590915069
2017-06-08 12:12:50,048:randomForestClassifier:530:DEBUG:__main__:Running Random Forest Classifier Analysis
2017-06-08 12:12:53,283:randomForestClassifier:556:DEBUG:__main__:Accuracy using Random Forest Classifier Model =  0.6805555555555556
2017-06-08 12:12:56,428:randomForestClassifier:577:DEBUG:__main__:Mean accuracy validated using Cross Validation: 0.718686051711
2017-06-08 12:12:56,429:randomForestRegressor:583:DEBUG:__main__:Running Random Forest Regressor Analysis
2017-06-08 12:13:00,404:randomForestRegressor:612:DEBUG:__main__:Mean squared error: 0.00277656662419
2017-06-08 12:13:00,467:randomForestRegressor:622:DEBUG:__main__:R squared value: 0.967023065146
2017-06-08 12:13:00,467:randomForestRegressor:624:DEBUG:__main__:Root Mean Squared Error: 0.052693136405
2017-06-08 12:13:00,512:randomForestRegressor:639:DEBUG:__main__:Graph plotted - Stock Index value v/s Data points
2017-06-08 12:13:00,517:mlpClassifier:664:DEBUG:__main__:Running Neural Network Classifier Analysis
2017-06-08 12:13:03,488:mlpClassifier:692:DEBUG:__main__:Accuracy using Neural Network Classifier Model = 0.7222222222222222
2017-06-08 12:13:06,648:mlpClassifier:713:DEBUG:__main__:Mean accuracy validated using Cross Validation: 0.713400405061
2017-06-08 12:13:06,648:mlpRegressor:719:DEBUG:__main__:Running Neural Network Regressor Analysis
2017-06-08 12:13:06,793:mlpRegressor:751:DEBUG:__main__:Mean squared error: 0.0775830410826
2017-06-08 12:13:06,794:mlpRegressor:761:DEBUG:__main__:R squared value: 0.0785559153297
2017-06-08 12:13:06,794:mlpRegressor:763:DEBUG:__main__:Root Mean Squared Error: 0.278537324398
2017-06-08 12:13:13,516:mlpRegressor:779:DEBUG:__main__:Graph plotted - Stock index value v/s Data points
